<?xml version="1.0" encoding="UTF-8"?>
<testng-results ignored="0" total="1" passed="1" failed="0" skipped="0">
  <reporter-output>
  </reporter-output>
  <suite started-at="2022-01-25T15:09:41 PST" name="Default suite" finished-at="2022-01-25T15:09:43 PST" duration-ms="1998">
    <groups>
    </groups>
    <test started-at="2022-01-25T15:09:41 PST" name="Default test" finished-at="2022-01-25T15:09:43 PST" duration-ms="1998">
      <class name="com.shadowDom.ShadowTest">
        <test-method is-config="true" signature="setup()[pri:0, instance:com.shadowDom.ShadowTest@2ddc8ecb]" started-at="2022-01-25T15:09:41 PST" name="setup" finished-at="2022-01-25T15:09:43 PST" duration-ms="1879" status="PASS">
          <reporter-output>
          </reporter-output>
        </test-method> <!-- setup -->
        <test-method signature="googleDownloads()[pri:0, instance:com.shadowDom.ShadowTest@2ddc8ecb]" started-at="2022-01-25T15:09:43 PST" name="googleDownloads" finished-at="2022-01-25T15:09:43 PST" duration-ms="82" status="PASS">
          <reporter-output>
          </reporter-output>
        </test-method> <!-- googleDownloads -->
      </class> <!-- com.shadowDom.ShadowTest -->
    </test> <!-- Default test -->
  </suite> <!-- Default suite -->
</testng-results>
